<?xml version="1.0" encoding="UTF-8"?>
<robot generator="Robot 4.1 (Python 3.9.6 on win32)" generated="20210824 11:32:00.518" rpa="false" schemaversion="2">
<suite id="s1" name="PageObject" source="C:\Users\NL-PC\PageObjectModel\rf\robot-framework\tests\PageObject.robot">
<test id="s1-t1" name="Verify Successful Login to OrangeHRM">
<kw name="Opening Browser" library="Common">
<arg>${site_url}</arg>
<arg>${browser}</arg>
<kw name="Open Browser" library="SeleniumLibrary">
<arg>${site_url}</arg>
<arg>${browser}</arg>
<doc>Opens a new browser instance to the optional ``url``.</doc>
<msg timestamp="20210824 11:32:00.682" level="INFO">Opening browser 'Chrome' to base url 'https://opensource-demo.orangehrmlive.com/'.</msg>
<status status="PASS" starttime="20210824 11:32:00.682" endtime="20210824 11:32:03.637"/>
</kw>
<kw name="Wait Until Element Is Visible" library="SeleniumLibrary">
<arg>${LoginUsernameInputBox}</arg>
<arg>timeout=5</arg>
<doc>Waits until the element ``locator`` is visible.</doc>
<status status="PASS" starttime="20210824 11:32:03.637" endtime="20210824 11:32:03.654"/>
</kw>
<status status="PASS" starttime="20210824 11:32:00.682" endtime="20210824 11:32:03.654"/>
</kw>
<kw name="Input Username" library="LoginPage">
<kw name="Input Text" library="SeleniumLibrary">
<arg>${LoginUsernameInputBox}</arg>
<arg>${Username}</arg>
<doc>Types the given ``text`` into the text field identified by ``locator``.</doc>
<msg timestamp="20210824 11:32:03.656" level="INFO">Typing text 'Admin' into text field 'id:txtUsername'.</msg>
<status status="PASS" starttime="20210824 11:32:03.655" endtime="20210824 11:32:03.707"/>
</kw>
<status status="PASS" starttime="20210824 11:32:03.655" endtime="20210824 11:32:03.707"/>
</kw>
<kw name="Input Password" library="LoginPage">
<kw name="Input Text" library="SeleniumLibrary">
<arg>${LoginPasswordInputBox}</arg>
<arg>${Password}</arg>
<doc>Types the given ``text`` into the text field identified by ``locator``.</doc>
<msg timestamp="20210824 11:32:03.708" level="INFO">Typing text 'admin123' into text field 'id:txtPassword'.</msg>
<status status="PASS" starttime="20210824 11:32:03.708" endtime="20210824 11:32:03.767"/>
</kw>
<status status="PASS" starttime="20210824 11:32:03.707" endtime="20210824 11:32:03.767"/>
</kw>
<kw name="Click Login" library="LoginPage">
<kw name="Click Element" library="SeleniumLibrary">
<arg>${LoginButton}</arg>
<doc>Click the element identified by ``locator``.</doc>
<msg timestamp="20210824 11:32:03.768" level="INFO">Clicking element 'id:btnLogin'.</msg>
<status status="PASS" starttime="20210824 11:32:03.768" endtime="20210824 11:32:05.913"/>
</kw>
<status status="PASS" starttime="20210824 11:32:03.767" endtime="20210824 11:32:05.913"/>
</kw>
<kw name="Verify Welcome Text is Visible" library="HomePage">
<kw name="Element Should Be Visible" library="SeleniumLibrary">
<arg>${WelcomeText}</arg>
<arg>timeout=5</arg>
<doc>Verifies that the element identified by ``locator`` is visible.</doc>
<msg timestamp="20210824 11:32:05.932" level="INFO">Element 'id:welcome' is displayed.</msg>
<status status="PASS" starttime="20210824 11:32:05.914" endtime="20210824 11:32:05.932"/>
</kw>
<status status="PASS" starttime="20210824 11:32:05.913" endtime="20210824 11:32:05.932"/>
</kw>
<kw name="Logout" library="HomePage">
<kw name="Click Element" library="SeleniumLibrary">
<arg>${WelcomeText}</arg>
<doc>Click the element identified by ``locator``.</doc>
<msg timestamp="20210824 11:32:05.933" level="INFO">Clicking element 'id:welcome'.</msg>
<status status="PASS" starttime="20210824 11:32:05.932" endtime="20210824 11:32:05.963"/>
</kw>
<kw name="Wait Until Element Is Visible" library="SeleniumLibrary">
<arg>${LogoutButton}</arg>
<arg>timeout=5</arg>
<doc>Waits until the element ``locator`` is visible.</doc>
<status status="PASS" starttime="20210824 11:32:05.963" endtime="20210824 11:32:06.190"/>
</kw>
<kw name="Click Element" library="SeleniumLibrary">
<arg>${LogoutButton}</arg>
<doc>Click the element identified by ``locator``.</doc>
<msg timestamp="20210824 11:32:06.190" level="INFO">Clicking element 'css:[href="/index.php/auth/logout"]'.</msg>
<status status="PASS" starttime="20210824 11:32:06.190" endtime="20210824 11:32:06.547"/>
</kw>
<kw name="Wait Until Element Is Visible" library="SeleniumLibrary">
<arg>${LoginUsernameInputBox}</arg>
<arg>timeout=5</arg>
<doc>Waits until the element ``locator`` is visible.</doc>
<status status="PASS" starttime="20210824 11:32:06.547" endtime="20210824 11:32:06.563"/>
</kw>
<status status="PASS" starttime="20210824 11:32:05.932" endtime="20210824 11:32:06.563"/>
</kw>
<kw name="Close Browser" library="SeleniumLibrary">
<doc>Closes the current browser.</doc>
<status status="PASS" starttime="20210824 11:32:06.564" endtime="20210824 11:32:08.655"/>
</kw>
<doc>This test case verifies that the user is able to successfully Login and Logout to OrangeHRM using Page Object</doc>
<tag>Smoke</tag>
<status status="PASS" starttime="20210824 11:32:00.681" endtime="20210824 11:32:08.655"/>
</test>
<doc>Page Object in Robot Framework</doc>
<status status="PASS" starttime="20210824 11:32:00.519" endtime="20210824 11:32:08.657"/>
</suite>
<statistics>
<total>
<stat pass="1" fail="0" skip="0">All Tests</stat>
</total>
<tag>
<stat pass="1" fail="0" skip="0">Smoke</stat>
</tag>
<suite>
<stat pass="1" fail="0" skip="0" id="s1" name="PageObject">PageObject</stat>
</suite>
</statistics>
<errors>
</errors>
</robot>
